<?xml version="1.0" encoding="UTF-8"?>
<testng-results skipped="0" failed="0" ignored="0" total="1" passed="1">
  <reporter-output>
  </reporter-output>
  <suite name="Suite" duration-ms="16218" started-at="2020-09-07T06:48:54Z" finished-at="2020-09-07T06:49:10Z">
    <groups>
    </groups>
    <test name="Test" duration-ms="16218" started-at="2020-09-07T06:48:54Z" finished-at="2020-09-07T06:49:10Z">
      <class name="org.dataprovider.ParameterTestng">
        <test-method status="PASS" signature="launchbroswer()[pri:0, instance:org.dataprovider.ParameterTestng@23282c25]" name="launchbroswer" is-config="true" duration-ms="3954" started-at="2020-09-07T06:48:54Z" finished-at="2020-09-07T06:48:58Z">
          <reporter-output>
          </reporter-output>
        </test-method> <!-- launchbroswer -->
        <test-method status="PASS" signature="StartTime()[pri:0, instance:org.dataprovider.ParameterTestng@23282c25]" name="StartTime" is-config="true" duration-ms="5" started-at="2020-09-07T06:48:58Z" finished-at="2020-09-07T06:48:58Z">
          <reporter-output>
          </reporter-output>
        </test-method> <!-- StartTime -->
        <test-method status="PASS" signature="testCase2(java.lang.String)[pri:0, instance:org.dataprovider.ParameterTestng@23282c25]" name="testCase2" duration-ms="11496" started-at="2020-09-07T06:48:58Z" finished-at="2020-09-07T06:49:09Z">
          <params>
            <param index="0">
              <value>
                <![CDATA[dress]]>
              </value>
            </param>
          </params>
          <reporter-output>
          </reporter-output>
        </test-method> <!-- testCase2 -->
        <test-method status="PASS" signature="endTime()[pri:0, instance:org.dataprovider.ParameterTestng@23282c25]" name="endTime" is-config="true" duration-ms="1" started-at="2020-09-07T06:49:09Z" finished-at="2020-09-07T06:49:09Z">
          <reporter-output>
          </reporter-output>
        </test-method> <!-- endTime -->
        <test-method status="PASS" signature="quitBroswer()[pri:0, instance:org.dataprovider.ParameterTestng@23282c25]" name="quitBroswer" is-config="true" duration-ms="709" started-at="2020-09-07T06:49:09Z" finished-at="2020-09-07T06:49:10Z">
          <reporter-output>
          </reporter-output>
        </test-method> <!-- quitBroswer -->
      </class> <!-- org.dataprovider.ParameterTestng -->
    </test> <!-- Test -->
  </suite> <!-- Suite -->
</testng-results>
